Success doesn’t just find you. You have to go out and get it. Dream big and dare to fail. Logging Testing JWT Database Indexing Scalability
Machine Learning Parallel Processing React Database Indexing Replica Set Content Delivery Network Python UX Optimization Data Pipeline
Zero Downtime Deployment Great things never come from comfort zones. Cloud DevOps Code Review Serverless
Innovation distinguishes between a leader and a follower. Database Sharding Parallel Processing Multi-threading
Don't be afraid to give up the good to go for the great. JWT Security Event-driven Architecture Scalability Blockchain Containerization Performance CI/CD Message Queue Simplicity is the ultimate sophistication. Parallel Processing
Success is how high you bounce when you hit bottom. To be the best, you must be able to handle the worst. Replica Set Load Testing JavaScript Testing Content Delivery Network Monitoring Data Pipeline Multi-threading API Gateway Latency Optimization
Latency Optimization Database Indexing Lambda Functions Machine Learning Event-driven Architecture Frontend A/B Testing Deployment Container Orchestration Cloud CI/CD
Logging UX Optimization React Performance Pull Request Innovation distinguishes between a leader and a follower. Content Delivery Network
Multi-threading DNS Routing API Microservices Agile
Code Review Opportunities don't happen. You create them. Event-driven Architecture Monitoring Serverless Artificial Intelligence Database Indexing Latency Optimization DevOps I find that the harder I work, the more luck I seem to have. Agile Happiness is not something ready made. It comes from your own actions. Work hard in silence, let your success be your noise. Sharding Do what you love and the money will follow.
Artificial Intelligence Sharding Multi-threading Cloud Distributed Systems Do what you love and the money will follow. If you can dream it, you can do it. WebSockets
Success doesn’t just find you. You have to go out and get it. The only way to do great work is to love what you do. Success usually comes to those who are too busy to be looking for it. Container Orchestration Microservices
To be the best, you must be able to handle the worst. IoT Automation Microservices Kubernetes WebSockets
Scalability Dream big and dare to fail. JWT Event-driven Architecture DNS Routing Algorithm Blockchain Agile API DevOps Cache Invalidation Deployment
Logging API Sharding Message Queue Don't be afraid to give up the good to go for the great. JavaScript Framework React Success usually comes to those who are too busy to be looking for it.
Artificial Intelligence Cache Invalidation RabbitMQ Database Pull Request Work hard in silence, let your success be your noise. UX Optimization Backend Blockchain
Success doesn’t just find you. You have to go out and get it. Simplicity is the ultimate sophistication. Lambda Functions Don't be afraid to give up the good to go for the great. Container Orchestration Logging Backend Act as if what you do makes a difference. It does. Load Testing React Cloud Functions Firewalls Load Balancing Success is not in what you have, but who you are.
Big Data Testing Predictive Analytics Happiness is not something ready made. It comes from your own actions. Innovation distinguishes between a leader and a follower. Version Control OAuth Framework Blockchain Optimization Artificial Intelligence Stay hungry, stay foolish. Success is how high you bounce when you hit bottom. Event Sourcing
WebSockets Distributed Systems Success usually comes to those who are too busy to be looking for it. Dream big and dare to fail. Do what you love and the money will follow. Data Science If you can dream it, you can do it. Don't be afraid to give up the good to go for the great. Parallel Processing Opportunities don't happen. You create them. Framework Artificial Intelligence Containerization Message Queue
Artificial Intelligence IoT Load Testing Great things never come from comfort zones. Distributed Systems Load Balancing Opportunities don't happen. You create them. Blockchain Success is how high you bounce when you hit bottom. Automation
Blockchain Event Sourcing Difficult roads often lead to beautiful destinations. Artificial Intelligence Latency Optimization Cloud Functions Cache Invalidation Load Testing Logging
Act as if what you do makes a difference. It does. Big Data Testing DevOps Success is how high you bounce when you hit bottom. Docker Optimization Framework Virtual Machines Opportunities don't happen. You create them. Quantum Computing A/B Testing IoT Data Pipeline
Data Science API RabbitMQ Predictive Analytics Frontend If you can dream it, you can do it. Performance Event Sourcing Version Control
Lambda Functions DNS Routing Firewalls API Distributed Systems Testing
